2025-07-29T08:04:22.482Z error: Exception: Test Exception
    at SampleException.sample (/home/irfan/www/NGI/wrapper/src/exceptions/SampleException.js:10:12)
    at HomeController.getErrorResponse (/home/irfan/www/NGI/wrapper/src/controllers/HomeController.js:25:31)
    at /home/irfan/www/NGI/wrapper/routes/api.js:12:51
    at Layer.handleRequest (/home/irfan/www/NGI/wrapper/node_modules/router/lib/layer.js:152:17)
    at next (/home/irfan/www/NGI/wrapper/node_modules/router/lib/route.js:157:13)
    at Route.dispatch (/home/irfan/www/NGI/wrapper/node_modules/router/lib/route.js:117:3)
    at handle (/home/irfan/www/NGI/wrapper/node_modules/router/index.js:435:11)
    at Layer.handleRequest (/home/irfan/www/NGI/wrapper/node_modules/router/lib/layer.js:152:17)
    at /home/irfan/www/NGI/wrapper/node_modules/router/index.js:295:15
    at processParams (/home/irfan/www/NGI/wrapper/node_modules/router/index.js:582:12)
2025-07-29T08:05:02.948Z error: Exception: Test Exception
    at SampleException.sample (/home/irfan/www/NGI/wrapper/src/exceptions/SampleException.js:10:12)
    at HomeController.getErrorResponse (/home/irfan/www/NGI/wrapper/src/controllers/HomeController.js:25:31)
    at /home/irfan/www/NGI/wrapper/routes/api.js:12:51
    at Layer.handleRequest (/home/irfan/www/NGI/wrapper/node_modules/router/lib/layer.js:152:17)
    at next (/home/irfan/www/NGI/wrapper/node_modules/router/lib/route.js:157:13)
    at Route.dispatch (/home/irfan/www/NGI/wrapper/node_modules/router/lib/route.js:117:3)
    at handle (/home/irfan/www/NGI/wrapper/node_modules/router/index.js:435:11)
    at Layer.handleRequest (/home/irfan/www/NGI/wrapper/node_modules/router/lib/layer.js:152:17)
    at /home/irfan/www/NGI/wrapper/node_modules/router/index.js:295:15
    at processParams (/home/irfan/www/NGI/wrapper/node_modules/router/index.js:582:12) undefined
2025-07-29T08:06:00.810Z error: Exception: Test Exception
    at SampleException.sample (/home/irfan/www/NGI/wrapper/src/exceptions/SampleException.js:10:12)
    at HomeController.getErrorResponse (/home/irfan/www/NGI/wrapper/src/controllers/HomeController.js:25:31)
    at /home/irfan/www/NGI/wrapper/routes/api.js:12:51
    at Layer.handleRequest (/home/irfan/www/NGI/wrapper/node_modules/router/lib/layer.js:152:17)
    at next (/home/irfan/www/NGI/wrapper/node_modules/router/lib/route.js:157:13)
    at Route.dispatch (/home/irfan/www/NGI/wrapper/node_modules/router/lib/route.js:117:3)
    at handle (/home/irfan/www/NGI/wrapper/node_modules/router/index.js:435:11)
    at Layer.handleRequest (/home/irfan/www/NGI/wrapper/node_modules/router/lib/layer.js:152:17)
    at /home/irfan/www/NGI/wrapper/node_modules/router/index.js:295:15
    at processParams (/home/irfan/www/NGI/wrapper/node_modules/router/index.js:582:12)
